sing1_V1.4.0.0/proguard/seeds.txt
cn.kuwo.sing.R$anim
cn.kuwo.sing.R$anim: int darker_out
cn.kuwo.sing.R$anim: int img_bg_darker_out
cn.kuwo.sing.R$anim: int img_bg_left_in
cn.kuwo.sing.R$anim: int img_bg_lighter_in
cn.kuwo.sing.R$anim: int img_bg_right_in
cn.kuwo.sing.R$anim: int lighter_in
cn.kuwo.sing.R$anim: int out_to_left
cn.kuwo.sing.R$anim: int player_bottom_in
cn.kuwo.sing.R$anim: int player_bottom_out
cn.kuwo.sing.R$anim: int processed_push_bottom_in
cn.kuwo.sing.R$anim: int processed_push_bottom_out
cn.kuwo.sing.R$anim: int progress_bar_anim
cn.kuwo.sing.R$anim: int progress_round
cn.kuwo.sing.R$anim: int push_left_in
cn.kuwo.sing.R$anim: int push_left_out
cn.kuwo.sing.R$anim: int push_right_in
cn.kuwo.sing.R$anim: int push_right_out
cn.kuwo.sing.R$anim: int set_bottom_in
cn.kuwo.sing.R$anim: int set_bottom_out
cn.kuwo.sing.R$anim: int sing_img_dialog_bottom_in
cn.kuwo.sing.R$anim: int sing_img_dialog_bottom_out
cn.kuwo.sing.R$anim: int sing_push_left_out
cn.kuwo.sing.R$anim: int sing_push_right_in
cn.kuwo.sing.R$anim: int tones_anim_layout
cn.kuwo.sing.R$anim: int tones_right_in_left_out
cn.kuwo.sing.R$array
cn.kuwo.sing.R$array: int UMageList
cn.kuwo.sing.R$array: int UMgenderList
cn.kuwo.sing.R$attr
cn.kuwo.sing.R$attr: int activeColor
cn.kuwo.sing.R$attr: int activeRadius
cn.kuwo.sing.R$attr: int activeType
cn.kuwo.sing.R$attr: int alignmentMode
cn.kuwo.sing.R$attr: int centered
cn.kuwo.sing.R$attr: int circleSeparation
cn.kuwo.sing.R$attr: int columnCount
cn.kuwo.sing.R$attr: int columnOrderPreserved
cn.kuwo.sing.R$attr: int fadeOut
cn.kuwo.sing.R$attr: int inactiveColor
cn.kuwo.sing.R$attr: int inactiveType
cn.kuwo.sing.R$attr: int layout_columnSpan
cn.kuwo.sing.R$attr: int layout_row
cn.kuwo.sing.R$attr: int layout_rowSpan
cn.kuwo.sing.R$attr: int radius
cn.kuwo.sing.R$attr: int rowCount
cn.kuwo.sing.R$attr: int rowOrderPreserved
cn.kuwo.sing.R$attr: int sidebuffer
cn.kuwo.sing.R$attr: int useDefaultMargins
cn.kuwo.sing.R$color
cn.kuwo.sing.R$color: int adv_background_color
cn.kuwo.sing.R$color: int almost_transparent
cn.kuwo.sing.R$color: int artist_info_unselected
cn.kuwo.sing.R$color: int bg_ad
cn.kuwo.sing.R$color: int bg_compatibility
cn.kuwo.sing.R$color: int bg_gray
cn.kuwo.sing.R$color: int bg_list_index
cn.kuwo.sing.R$color: int bg_list_item_selected
cn.kuwo.sing.R$color: int bg_local
cn.kuwo.sing.R$color: int bg_local_root
cn.kuwo.sing.R$color: int bg_opt_selected
cn.kuwo.sing.R$color: int black
cn.kuwo.sing.R$color: int black30
cn.kuwo.sing.R$color: int black40
cn.kuwo.sing.R$color: int black50
cn.kuwo.sing.R$color: int black80
cn.kuwo.sing.R$color: int blue
cn.kuwo.sing.R$color: int bt_song__list_order
cn.kuwo.sing.R$color: int bt_song__list_upload
cn.kuwo.sing.R$color: int bt_song_list_progress
cn.kuwo.sing.R$color: int cur_play
cn.kuwo.sing.R$color: int current_list_title
cn.kuwo.sing.R$color: int dark_black
cn.kuwo.sing.R$color: int dark_gray_lyrics
cn.kuwo.sing.R$color: int download_list_item_selector
cn.kuwo.sing.R$color: int hilight
cn.kuwo.sing.R$color: int light_blue
cn.kuwo.sing.R$color: int list_divider
cn.kuwo.sing.R$color: int list_item_1
cn.kuwo.sing.R$color: int list_item_2
cn.kuwo.sing.R$color: int list_item_selector
cn.kuwo.sing.R$color: int list_separator
cn.kuwo.sing.R$color: int listitem_bg_dark
cn.kuwo.sing.R$color: int listitem_bg_light
cn.kuwo.sing.R$color: int listitem_current
cn.kuwo.sing.R$color: int listitem_item_menu
cn.kuwo.sing.R$dimen
cn.kuwo.sing.R$dimen: int control_bar_height
cn.kuwo.sing.R$dimen: int default_gap
...
android.support.v4.view.ViewPager$SavedState
android.support.v4.view.ViewPager$SavedState: int position
android.support.v4.view.ViewPager$SavedState: android.os.Parcelable adapterState
android.support.v4.view.ViewPager$SavedState: java.lang.ClassLoader loader
android.support.v4.view.ViewPager$SavedState: android.os.Parcelable$Creator CREATOR
android.support.v4.view.ViewPager$SavedState: ViewPager$SavedState(android.os.Parcelable)
android.support.v4.view.ViewPager$SavedState: void writeToParcel(android.os.Parcel,int)
android.support.v4.view.ViewPager$SavedState: java.lang.String toString()
android.support.v4.view.ViewPager$SavedState: ViewPager$SavedState(android.os.Parcel,java.lang.ClassLoader)
android.support.v4.view.ViewPager$SavedState: void <clinit>()
android.support.v4.view.ViewPager$SavedState$1
android.support.v4.view.ViewPager$SavedState$1: ViewPager$SavedState$1()
android.support.v4.view.ViewPager$SavedState$1: android.support.v4.view.ViewPager$SavedState createFromParcel(android.os.Parcel,java.lang.ClassLoader)
android.support.v4.view.ViewPager$SavedState$1: android.support.v4.view.ViewPager$SavedState[] newArray(int)
android.support.v4.view.ViewPager$SavedState$1: java.lang.Object[] newArray(int)
android.support.v4.view.ViewPager$SavedState$1: java.lang.Object createFromParcel(android.os.Parcel,java.lang.ClassLoader)
android.support.v4.view.ViewPager$SimpleOnPageChangeListener
android.support.v4.view.ViewPager$SimpleOnPageChangeListener: ViewPager$SimpleOnPageChangeListener()
android.support.v4.view.ViewPager$SimpleOnPageChangeListener: void onPageScrolled(int,float,int)
android.support.v4.view.ViewPager$SimpleOnPageChangeListener: void onPageSelected(int)
android.support.v4.view.ViewPager$SimpleOnPageChangeListener: void onPageScrollStateChanged(int)
android.support.v4.view.ViewPager$ViewPositionComparator
android.support.v4.view.ViewPager$ViewPositionComparator: ViewPager$ViewPositionComparator()
android.support.v4.view.ViewPager$ViewPositionComparator: int compare(android.view.View,android.view.View)
android.support.v4.view.ViewPager$ViewPositionComparator: int compare(java.lang.Object,java.lang.Object)
android.support.v4.view.accessibility.AccessibilityEventCompat
android.support.v4.view.accessibility.AccessibilityEventCompat: android.support.v4.view.accessibility.AccessibilityEventCompat$AccessibilityEventVersionImpl IMPL
android.support.v4.view.accessibility.AccessibilityEventCompat: int TYPE_VIEW_HOVER_ENTER
android.support.v4.view.accessibility.AccessibilityEventCompat: int TYPE_VIEW_HOVER_EXIT
android.support.v4.view.accessibility.AccessibilityEventCompat: int TYPE_TOUCH_EXPLORATION_GESTURE_START
android.support.v4.view.accessibility.AccessibilityEventCompat: int TYPE_TOUCH_EXPLORATION_GESTURE_END
android.support.v4.view.accessibility.AccessibilityEventCompat: int TYPE_WINDOW_CONTENT_CHANGED
android.support.v4.view.accessibility.AccessibilityEventCompat: int TYPE_VIEW_SCROLLED
android.support.v4.view.accessibility.AccessibilityEventCompat: int TYPE_VIEW_TEXT_SELECTION_CHANGED
android.support.v4.view.accessibility.AccessibilityEventCompat: int TYPE_ANNOUNCEMENT
android.support.v4.view.accessibility.AccessibilityEventCompat: int TYPE_VIEW_ACCESSIBILITY_FOCUSED
android.support.v4.view.accessibility.AccessibilityEventCompat: int TYPE_VIEW_ACCESSIBILITY_FOCUS_CLEARED
android.support.v4.view.accessibility.AccessibilityEventCompat: int TYPE_VIEW_TEXT_TRAVERSED_AT_MOVEMENT_GRANULARITY
android.support.v4.view.accessibility.AccessibilityEventCompat: int TYPE_GESTURE_DETECTION_START
android.support.v4.view.accessibility.AccessibilityEventCompat: int TYPE_GESTURE_DETECTION_END